FBI - 03.05.24
Latino 7 - Blue Bossa - Kenny Dorham
AI5 - 74/75 - The Connels
AB1 - La Dernière Séance - Eddy Mitchell
AG5 - Take Me Home Country Roads - John Denver
Country 2 - City Of New Orleans - Steve Goodman
AA2 - Losing My Religion - R.E.M.
AB2 - Quelque Chose De Tenessee - Johnny Hallyday
Balade - Sur La Route De Memphis - Eddy Mitchell
AA7 - Zombie - Cranberries
Rock IT - Ama - Eros Ramazzotti
AB6 - Sara Perche Ti Amo - Richi E Poveri
AH5 - Eyes Of The Tiger - Survivor
AC7 - Wake Me Up - Avicii
AC4 - Physical - Dua Lipa
AH2 -  Plus Près Des Étoiles - Gold
AK3 - Il Changeait La Vie - Jean-Jacques Goldman
AK5 - I Was Made For Lovin' You - Kiss
Rock 80 - Wind Of The Change - Scorpions
AB3 - Mon Mec À Moi - Patricia Kass
AF6 - Tout Le Bonheur Du Monde - Sinsemilia
Rock 80 - Cocaine - Eric Clapton
AD1 - Smoke On The Water - Deep Purple
